<?xml version="1.0" encoding="UTF-8"?>
<!-- Generated by org.testng.reporters.JUnitXMLReporter -->
<testsuite ignored="0" hostname="Arjen" failures="0" tests="3" name="Default test" time="54.864" errors="0" timestamp="2023-09-29T00:12:47 IST">
  <testcase classname="Project2.testCase20" name="products" time="8.174"/>
  <testcase classname="Project2.testCase20" name="addingAllProducts" time="17.409"/>
  <testcase classname="Project2.testCase20" name="cart" time="22.352"/>
</testsuite> <!-- Default test -->
