<?xml version="1.0" encoding="UTF-8"?>
<testng-results ignored="0" total="3" passed="3" failed="0" skipped="0">
  <reporter-output>
  </reporter-output>
  <suite started-at="2023-09-29T00:11:52 IST" name="Default suite" finished-at="2023-09-29T00:12:47 IST" duration-ms="54864">
    <groups>
    </groups>
    <test started-at="2023-09-29T00:11:52 IST" name="Default test" finished-at="2023-09-29T00:12:47 IST" duration-ms="54864">
      <class name="Project2.testCase20">
        <test-method is-config="true" signature="setUp()[pri:0, instance:Project2.testCase20@6fdbe764]" started-at="2023-09-29T00:11:52 IST" name="setUp" finished-at="2023-09-29T00:11:58 IST" duration-ms="6721" status="PASS">
          <reporter-output>
          </reporter-output>
        </test-method> <!-- setUp -->
        <test-method signature="products()[pri:1, instance:Project2.testCase20@6fdbe764]" started-at="2023-09-29T00:11:58 IST" name="products" finished-at="2023-09-29T00:12:07 IST" duration-ms="8174" status="PASS">
          <reporter-output>
          </reporter-output>
        </test-method> <!-- products -->
        <test-method signature="addingAllProducts()[pri:2, instance:Project2.testCase20@6fdbe764]" started-at="2023-09-29T00:12:07 IST" name="addingAllProducts" finished-at="2023-09-29T00:12:24 IST" duration-ms="17409" status="PASS">
          <reporter-output>
          </reporter-output>
        </test-method> <!-- addingAllProducts -->
        <test-method signature="cart()[pri:3, instance:Project2.testCase20@6fdbe764]" started-at="2023-09-29T00:12:24 IST" name="cart" finished-at="2023-09-29T00:12:46 IST" duration-ms="22352" status="PASS">
          <reporter-output>
          </reporter-output>
        </test-method> <!-- cart -->
        <test-method is-config="true" signature="teardown()[pri:0, instance:Project2.testCase20@6fdbe764]" started-at="2023-09-29T00:12:46 IST" name="teardown" finished-at="2023-09-29T00:12:47 IST" duration-ms="183" status="PASS">
          <reporter-output>
          </reporter-output>
        </test-method> <!-- teardown -->
      </class> <!-- Project2.testCase20 -->
    </test> <!-- Default test -->
  </suite> <!-- Default suite -->
</testng-results>
