<?xml version="1.0" encoding="UTF-8"?>
<testng-results ignored="0" total="2" passed="2" failed="0" skipped="0">
  <reporter-output>
  </reporter-output>
  <suite started-at="2023-09-23T22:57:18 IST" name="Default suite" finished-at="2023-09-23T22:57:35 IST" duration-ms="16831">
    <groups>
    </groups>
    <test started-at="2023-09-23T22:57:18 IST" name="Default test" finished-at="2023-09-23T22:57:35 IST" duration-ms="16831">
      <class name="Project2.testCase26">
        <test-method is-config="true" signature="setUp()[pri:0, instance:Project2.testCase26@a38c7fe]" started-at="2023-09-23T22:57:18 IST" name="setUp" finished-at="2023-09-23T22:57:31 IST" duration-ms="12569" status="PASS">
          <reporter-output>
          </reporter-output>
        </test-method> <!-- setUp -->
        <test-method signature="homePage()[pri:1, instance:Project2.testCase26@a38c7fe]" started-at="2023-09-23T22:57:31 IST" name="homePage" finished-at="2023-09-23T22:57:31 IST" duration-ms="12" status="PASS">
          <reporter-output>
          </reporter-output>
        </test-method> <!-- homePage -->
        <test-method signature="scroll()[pri:2, instance:Project2.testCase26@a38c7fe]" started-at="2023-09-23T22:57:31 IST" name="scroll" finished-at="2023-09-23T22:57:35 IST" duration-ms="4105" status="PASS">
          <reporter-output>
          </reporter-output>
        </test-method> <!-- scroll -->
        <test-method is-config="true" signature="teardown()[pri:0, instance:Project2.testCase26@a38c7fe]" started-at="2023-09-23T22:57:35 IST" name="teardown" finished-at="2023-09-23T22:57:35 IST" duration-ms="119" status="PASS">
          <reporter-output>
          </reporter-output>
        </test-method> <!-- teardown -->
      </class> <!-- Project2.testCase26 -->
    </test> <!-- Default test -->
  </suite> <!-- Default suite -->
</testng-results>
